Analysis & Synthesis report for Task1
Thu Nov 19 15:39:20 2020
Quartus Prime Version 18.1.0 Build 625 09/12/2018 SJ Lite Edition


---------------------
; Table of Contents ;
---------------------
  1. Legal Notice
  2. Analysis & Synthesis Summary
  3. Analysis & Synthesis Settings
  4. Parallel Compilation
  5. Analysis & Synthesis Source Files Read
  6. Analysis & Synthesis Resource Usage Summary
  7. Analysis & Synthesis Resource Utilization by Entity
  8. General Register Statistics
  9. Post-Synthesis Netlist Statistics for Top Partition
 10. Elapsed Time Per Partition
 11. Analysis & Synthesis Messages



----------------
; Legal Notice ;
----------------
Copyright (C) 2018  Intel Corporation. All rights reserved.
Your use of Intel Corporation's design tools, logic functions 
and other software and tools, and its AMPP partner logic 
functions, and any output files from any of the foregoing 
(including device programming or simulation files), and any 
associated documentation or information are expressly subject 
to the terms and conditions of the Intel Program License 
Subscription Agreement, the Intel Quartus Prime License Agreement,
the Intel FPGA IP License Agreement, or other applicable license
agreement, including, without limitation, that your use is for
the sole purpose of programming logic devices manufactured by
Intel and sold by Intel or its authorized distributors.  Please
refer to the applicable agreement for further details.



+----------------------------------------------------------------------------------+
; Analysis & Synthesis Summary                                                     ;
+------------------------------------+---------------------------------------------+
; Analysis & Synthesis Status        ; Successful - Thu Nov 19 15:39:20 2020       ;
; Quartus Prime Version              ; 18.1.0 Build 625 09/12/2018 SJ Lite Edition ;
; Revision Name                      ; Task1                                       ;
; Top-level Entity Name              ; alu                                         ;
; Family                             ; MAX 10                                      ;
; Total logic elements               ; 0                                           ;
;     Total combinational functions  ; 0                                           ;
;     Dedicated logic registers      ; 0                                           ;
; Total registers                    ; 0                                           ;
; Total pins                         ; 26                                          ;
; Total virtual pins                 ; 0                                           ;
; Total memory bits                  ; 0                                           ;
; Embedded Multiplier 9-bit elements ; 0                                           ;
; Total PLLs                         ; 0                                           ;
; UFM blocks                         ; 0                                           ;
; ADC blocks                         ; 0                                           ;
+------------------------------------+---------------------------------------------+


+------------------------------------------------------------------------------------------------------------+
; Analysis & Synthesis Settings                                                                              ;
+------------------------------------------------------------------+--------------------+--------------------+
; Option                                                           ; Setting            ; Default Value      ;
+------------------------------------------------------------------+--------------------+--------------------+
; Device                                                           ; 10M50DCF484C7G     ;                    ;
; Top-level entity name                                            ; alu                ; Task1              ;
; Family name                                                      ; MAX 10             ; Cyclone V          ;
; Use smart compilation                                            ; Off                ; Off                ;
; Enable parallel Assembler and Timing Analyzer during compilation ; On                 ; On                 ;
; Enable compact report table                                      ; Off                ; Off                ;
; Restructure Multiplexers                                         ; Auto               ; Auto               ;
; Create Debugging Nodes for IP Cores                              ; Off                ; Off                ;
; Preserve fewer node names                                        ; On                 ; On                 ;
; Intel FPGA IP Evaluation Mode                                    ; Enable             ; Enable             ;
; Verilog Version                                                  ; Verilog_2001       ; Verilog_2001       ;
; VHDL Version                                                     ; VHDL_1993          ; VHDL_1993          ;
; State Machine Processing                                         ; Auto               ; Auto               ;
; Safe State Machine                                               ; Off                ; Off                ;
; Extract Verilog State Machines                                   ; On                 ; On                 ;
; Extract VHDL State Machines                                      ; On                 ; On                 ;
; Ignore Verilog initial constructs                                ; Off                ; Off                ;
; Iteration limit for constant Verilog loops                       ; 5000               ; 5000               ;
; Iteration limit for non-constant Verilog loops                   ; 250                ; 250                ;
; Add Pass-Through Logic to Inferred RAMs                          ; On                 ; On                 ;
; Infer RAMs from Raw Logic                                        ; On                 ; On                 ;
; Parallel Synthesis                                               ; On                 ; On                 ;
; DSP Block Balancing                                              ; Auto               ; Auto               ;
; NOT Gate Push-Back                                               ; On                 ; On                 ;
; Power-Up Don't Care                                              ; On                 ; On                 ;
; Remove Redundant Logic Cells                                     ; Off                ; Off                ;
; Remove Duplicate Registers                                       ; On                 ; On                 ;
; Ignore CARRY Buffers                                             ; Off                ; Off                ;
; Ignore CASCADE Buffers                                           ; Off                ; Off                ;
; Ignore GLOBAL Buffers                                            ; Off                ; Off                ;
; Ignore ROW GLOBAL Buffers                                        ; Off                ; Off                ;
; Ignore LCELL Buffers                                             ; Off                ; Off                ;
; Ignore SOFT Buffers                                              ; On                 ; On                 ;
; Limit AHDL Integers to 32 Bits                                   ; Off                ; Off                ;
; Optimization Technique                                           ; Balanced           ; Balanced           ;
; Carry Chain Length                                               ; 70                 ; 70                 ;
; Auto Carry Chains                                                ; On                 ; On                 ;
; Auto Open-Drain Pins                                             ; On                 ; On                 ;
; Perform WYSIWYG Primitive Resynthesis                            ; Off                ; Off                ;
; Auto ROM Replacement                                             ; On                 ; On                 ;
; Auto RAM Replacement                                             ; On                 ; On                 ;
; Auto DSP Block Replacement                                       ; On                 ; On                 ;
; Auto Shift Register Replacement                                  ; Auto               ; Auto               ;
; Allow Shift Register Merging across Hierarchies                  ; Auto               ; Auto               ;
; Auto Clock Enable Replacement                                    ; On                 ; On                 ;
; Strict RAM Replacement                                           ; Off                ; Off                ;
; Allow Synchronous Control Signals                                ; On                 ; On                 ;
; Force Use of Synchronous Clear Signals                           ; Off                ; Off                ;
; Auto RAM Block Balancing                                         ; On                 ; On                 ;
; Auto RAM to Logic Cell Conversion                                ; Off                ; Off                ;
; Auto Resource Sharing                                            ; Off                ; Off                ;
; Allow Any RAM Size For Recognition                               ; Off                ; Off                ;
; Allow Any ROM Size For Recognition                               ; Off                ; Off                ;
; Allow Any Shift Register Size For Recognition                    ; Off                ; Off                ;
; Use LogicLock Constraints during Resource Balancing              ; On                 ; On                 ;
; Ignore translate_off and synthesis_off directives                ; Off                ; Off                ;
; Timing-Driven Synthesis                                          ; On                 ; On                 ;
; Report Parameter Settings                                        ; On                 ; On                 ;
; Report Source Assignments                                        ; On                 ; On                 ;
; Report Connectivity Checks                                       ; On                 ; On                 ;
; Ignore Maximum Fan-Out Assignments                               ; Off                ; Off                ;
; Synchronization Register Chain Length                            ; 2                  ; 2                  ;
; Power Optimization During Synthesis                              ; Normal compilation ; Normal compilation ;
; HDL message level                                                ; Level2             ; Level2             ;
; Suppress Register Optimization Related Messages                  ; Off                ; Off                ;
; Number of Removed Registers Reported in Synthesis Report         ; 5000               ; 5000               ;
; Number of Swept Nodes Reported in Synthesis Report               ; 5000               ; 5000               ;
; Number of Inverted Registers Reported in Synthesis Report        ; 100                ; 100                ;
; Clock MUX Protection                                             ; On                 ; On                 ;
; Auto Gated Clock Conversion                                      ; Off                ; Off                ;
; Block Design Naming                                              ; Auto               ; Auto               ;
; SDC constraint protection                                        ; Off                ; Off                ;
; Synthesis Effort                                                 ; Auto               ; Auto               ;
; Shift Register Replacement - Allow Asynchronous Clear Signal     ; On                 ; On                 ;
; Pre-Mapping Resynthesis Optimization                             ; Off                ; Off                ;
; Analysis & Synthesis Message Level                               ; Medium             ; Medium             ;
; Disable Register Merging Across Hierarchies                      ; Auto               ; Auto               ;
; Resource Aware Inference For Block RAM                           ; On                 ; On                 ;
+------------------------------------------------------------------+--------------------+--------------------+


+------------------------------------------+
; Parallel Compilation                     ;
+----------------------------+-------------+
; Processors                 ; Number      ;
+----------------------------+-------------+
; Number detected on machine ; 8           ;
; Maximum allowed            ; 4           ;
;                            ;             ;
; Average used               ; 1.00        ;
; Maximum used               ; 1           ;
;                            ;             ;
; Usage by Processor         ; % Time Used ;
;     Processor 1            ; 100.0%      ;
+----------------------------+-------------+


+-----------------------------------------------------------------------------------------------------------------------------------------------------+
; Analysis & Synthesis Source Files Read                                                                                                              ;
+----------------------------------+-----------------+------------------------+-------------------------------------------------------------+---------+
; File Name with User-Entered Path ; Used in Netlist ; File Type              ; File Name with Absolute Path                                ; Library ;
+----------------------------------+-----------------+------------------------+-------------------------------------------------------------+---------+
; MUX.v                            ; yes             ; User Verilog HDL File  ; C:/Files/Programming/Verilog and FPGA/Lessons/Week 12/MUX.v ;         ;
; add.v                            ; yes             ; User Verilog HDL File  ; C:/Files/Programming/Verilog and FPGA/Lessons/Week 12/add.v ;         ;
; sub.v                            ; yes             ; User Verilog HDL File  ; C:/Files/Programming/Verilog and FPGA/Lessons/Week 12/sub.v ;         ;
; srl.v                            ; yes             ; User Verilog HDL File  ; C:/Files/Programming/Verilog and FPGA/Lessons/Week 12/srl.v ;         ;
; alu.v                            ; yes             ; User Verilog HDL File  ; C:/Files/Programming/Verilog and FPGA/Lessons/Week 12/alu.v ;         ;
+----------------------------------+-----------------+------------------------+-------------------------------------------------------------+---------+


+-----------------------------------------------------+
; Analysis & Synthesis Resource Usage Summary         ;
+---------------------------------------------+-------+
; Resource                                    ; Usage ;
+---------------------------------------------+-------+
;                                             ;       ;
; Total combinational functions               ; 0     ;
; Logic element usage by number of LUT inputs ;       ;
;     -- 4 input functions                    ; 0     ;
;     -- 3 input functions                    ; 0     ;
;     -- <=2 input functions                  ; 0     ;
;                                             ;       ;
; Logic elements by mode                      ;       ;
;     -- normal mode                          ; 0     ;
;     -- arithmetic mode                      ; 0     ;
;                                             ;       ;
; Total registers                             ; 0     ;
;     -- Dedicated logic registers            ; 0     ;
;     -- I/O registers                        ; 0     ;
;                                             ;       ;
; I/O pins                                    ; 26    ;
;                                             ;       ;
; Embedded Multiplier 9-bit elements          ; 0     ;
;                                             ;       ;
; Maximum fan-out node                        ; rs[0] ;
; Maximum fan-out                             ; 1     ;
; Total fan-out                               ; 26    ;
; Average fan-out                             ; 0.50  ;
+---------------------------------------------+-------+


+------------------------------------------------------------------------------------------------------------------------------------------------------------------------------------------------------------------------------------+
; Analysis & Synthesis Resource Utilization by Entity                                                                                                                                                                                ;
+----------------------------+---------------------+---------------------------+-------------+------------+--------------+---------+-----------+------+--------------+------------+---------------------+-------------+--------------+
; Compilation Hierarchy Node ; Combinational ALUTs ; Dedicated Logic Registers ; Memory Bits ; UFM Blocks ; DSP Elements ; DSP 9x9 ; DSP 18x18 ; Pins ; Virtual Pins ; ADC blocks ; Full Hierarchy Name ; Entity Name ; Library Name ;
+----------------------------+---------------------+---------------------------+-------------+------------+--------------+---------+-----------+------+--------------+------------+---------------------+-------------+--------------+
; |alu                       ; 0 (0)               ; 0 (0)                     ; 0           ; 0          ; 0            ; 0       ; 0         ; 26   ; 0            ; 0          ; |alu                ; alu         ; work         ;
+----------------------------+---------------------+---------------------------+-------------+------------+--------------+---------+-----------+------+--------------+------------+---------------------+-------------+--------------+
Note: For table entries with two numbers listed, the numbers in parentheses indicate the number of resources of the given type used by the specific entity alone. The numbers listed outside of parentheses indicate the total resources of the given type used by the specific entity and all of its sub-entities in the hierarchy.


+------------------------------------------------------+
; General Register Statistics                          ;
+----------------------------------------------+-------+
; Statistic                                    ; Value ;
+----------------------------------------------+-------+
; Total registers                              ; 0     ;
; Number of registers using Synchronous Clear  ; 0     ;
; Number of registers using Synchronous Load   ; 0     ;
; Number of registers using Asynchronous Clear ; 0     ;
; Number of registers using Asynchronous Load  ; 0     ;
; Number of registers using Clock Enable       ; 0     ;
; Number of registers using Preset             ; 0     ;
+----------------------------------------------+-------+


+-----------------------------------------------------+
; Post-Synthesis Netlist Statistics for Top Partition ;
+-------------------+---------------------------------+
; Type              ; Count                           ;
+-------------------+---------------------------------+
; boundary_port     ; 26                              ;
;                   ;                                 ;
; Max LUT depth     ; 0.00                            ;
; Average LUT depth ; 0.00                            ;
+-------------------+---------------------------------+


+-------------------------------+
; Elapsed Time Per Partition    ;
+----------------+--------------+
; Partition Name ; Elapsed Time ;
+----------------+--------------+
; Top            ; 00:00:00     ;
+----------------+--------------+


+-------------------------------+
; Analysis & Synthesis Messages ;
+-------------------------------+
Info: *******************************************************************
Info: Running Quartus Prime Analysis & Synthesis
    Info: Version 18.1.0 Build 625 09/12/2018 SJ Lite Edition
    Info: Processing started: Thu Nov 19 15:38:55 2020
Info: Command: quartus_map --read_settings_files=on --write_settings_files=off Task1 -c Task1
Warning (18236): Number of processors has not been specified which may cause overloading on shared machines.  Set the global assignment NUM_PARALLEL_PROCESSORS in your QSF to an appropriate value for best performance.
Info (20030): Parallel compilation is enabled and will use 4 of the 4 processors detected
Warning (12090): Entity "mux" obtained from "MUX.v" instead of from Quartus Prime megafunction library File: C:/Files/Programming/Verilog and FPGA/Lessons/Week 12/MUX.v Line: 1
Info (12021): Found 1 design units, including 1 entities, in source file mux.v
    Info (12023): Found entity 1: mux File: C:/Files/Programming/Verilog and FPGA/Lessons/Week 12/MUX.v Line: 1
Info (12021): Found 1 design units, including 1 entities, in source file add.v
    Info (12023): Found entity 1: add File: C:/Files/Programming/Verilog and FPGA/Lessons/Week 12/add.v Line: 1
Info (12021): Found 1 design units, including 1 entities, in source file sub.v
    Info (12023): Found entity 1: sub File: C:/Files/Programming/Verilog and FPGA/Lessons/Week 12/sub.v Line: 1
Info (12021): Found 1 design units, including 1 entities, in source file srl.v
    Info (12023): Found entity 1: srl File: C:/Files/Programming/Verilog and FPGA/Lessons/Week 12/srl.v Line: 1
Info (12021): Found 1 design units, including 1 entities, in source file alu.v
    Info (12023): Found entity 1: alu File: C:/Files/Programming/Verilog and FPGA/Lessons/Week 12/alu.v Line: 1
Info (12021): Found 1 design units, including 1 entities, in source file glob.v
    Info (12023): Found entity 1: glob File: C:/Files/Programming/Verilog and FPGA/Lessons/Week 12/glob.v Line: 1
Info (12021): Found 1 design units, including 1 entities, in source file alu_testbench.v
    Info (12023): Found entity 1: alu_testbench File: C:/Files/Programming/Verilog and FPGA/Lessons/Week 12/alu_testbench.v Line: 1
Info (12127): Elaborating entity "alu" for the top level hierarchy
Info (12128): Elaborating entity "add" for hierarchy "add:add" File: C:/Files/Programming/Verilog and FPGA/Lessons/Week 12/alu.v Line: 15
Warning (10034): Output port "out" at add.v(4) has no driver File: C:/Files/Programming/Verilog and FPGA/Lessons/Week 12/add.v Line: 4
Info (12128): Elaborating entity "sub" for hierarchy "sub:sub" File: C:/Files/Programming/Verilog and FPGA/Lessons/Week 12/alu.v Line: 20
Warning (10034): Output port "out" at sub.v(4) has no driver File: C:/Files/Programming/Verilog and FPGA/Lessons/Week 12/sub.v Line: 4
Info (12128): Elaborating entity "srl" for hierarchy "srl:srl" File: C:/Files/Programming/Verilog and FPGA/Lessons/Week 12/alu.v Line: 25
Warning (10034): Output port "out" at srl.v(5) has no driver File: C:/Files/Programming/Verilog and FPGA/Lessons/Week 12/srl.v Line: 5
Info (12128): Elaborating entity "mux" for hierarchy "mux:mux" File: C:/Files/Programming/Verilog and FPGA/Lessons/Week 12/alu.v Line: 33
Warning (10199): Verilog HDL Case Statement warning at MUX.v(9): case item expression never matches the case expression File: C:/Files/Programming/Verilog and FPGA/Lessons/Week 12/MUX.v Line: 9
Warning (10199): Verilog HDL Case Statement warning at MUX.v(12): case item expression never matches the case expression File: C:/Files/Programming/Verilog and FPGA/Lessons/Week 12/MUX.v Line: 12
Info (16010): Generating hard_block partition "hard_block:auto_generated_inst"
    Info (16011): Adding 0 node(s), including 0 DDIO, 0 PLL, 0 transceiver and 0 LCELL
Warning (21074): Design contains 26 input pin(s) that do not drive logic
    Warning (15610): No output dependent on input pin "rs[0]" File: C:/Files/Programming/Verilog and FPGA/Lessons/Week 12/alu.v Line: 2
    Warning (15610): No output dependent on input pin "rs[1]" File: C:/Files/Programming/Verilog and FPGA/Lessons/Week 12/alu.v Line: 2
    Warning (15610): No output dependent on input pin "rs[2]" File: C:/Files/Programming/Verilog and FPGA/Lessons/Week 12/alu.v Line: 2
    Warning (15610): No output dependent on input pin "rs[3]" File: C:/Files/Programming/Verilog and FPGA/Lessons/Week 12/alu.v Line: 2
    Warning (15610): No output dependent on input pin "rs[4]" File: C:/Files/Programming/Verilog and FPGA/Lessons/Week 12/alu.v Line: 2
    Warning (15610): No output dependent on input pin "rt[0]" File: C:/Files/Programming/Verilog and FPGA/Lessons/Week 12/alu.v Line: 2
    Warning (15610): No output dependent on input pin "rt[1]" File: C:/Files/Programming/Verilog and FPGA/Lessons/Week 12/alu.v Line: 2
    Warning (15610): No output dependent on input pin "rt[2]" File: C:/Files/Programming/Verilog and FPGA/Lessons/Week 12/alu.v Line: 2
    Warning (15610): No output dependent on input pin "rt[3]" File: C:/Files/Programming/Verilog and FPGA/Lessons/Week 12/alu.v Line: 2
    Warning (15610): No output dependent on input pin "rt[4]" File: C:/Files/Programming/Verilog and FPGA/Lessons/Week 12/alu.v Line: 2
    Warning (15610): No output dependent on input pin "rd[0]" File: C:/Files/Programming/Verilog and FPGA/Lessons/Week 12/alu.v Line: 2
    Warning (15610): No output dependent on input pin "rd[1]" File: C:/Files/Programming/Verilog and FPGA/Lessons/Week 12/alu.v Line: 2
    Warning (15610): No output dependent on input pin "rd[2]" File: C:/Files/Programming/Verilog and FPGA/Lessons/Week 12/alu.v Line: 2
    Warning (15610): No output dependent on input pin "rd[3]" File: C:/Files/Programming/Verilog and FPGA/Lessons/Week 12/alu.v Line: 2
    Warning (15610): No output dependent on input pin "rd[4]" File: C:/Files/Programming/Verilog and FPGA/Lessons/Week 12/alu.v Line: 2
    Warning (15610): No output dependent on input pin "funct[0]" File: C:/Files/Programming/Verilog and FPGA/Lessons/Week 12/alu.v Line: 3
    Warning (15610): No output dependent on input pin "funct[1]" File: C:/Files/Programming/Verilog and FPGA/Lessons/Week 12/alu.v Line: 3
    Warning (15610): No output dependent on input pin "funct[2]" File: C:/Files/Programming/Verilog and FPGA/Lessons/Week 12/alu.v Line: 3
    Warning (15610): No output dependent on input pin "funct[3]" File: C:/Files/Programming/Verilog and FPGA/Lessons/Week 12/alu.v Line: 3
    Warning (15610): No output dependent on input pin "funct[4]" File: C:/Files/Programming/Verilog and FPGA/Lessons/Week 12/alu.v Line: 3
    Warning (15610): No output dependent on input pin "funct[5]" File: C:/Files/Programming/Verilog and FPGA/Lessons/Week 12/alu.v Line: 3
    Warning (15610): No output dependent on input pin "shamt[0]" File: C:/Files/Programming/Verilog and FPGA/Lessons/Week 12/alu.v Line: 5
    Warning (15610): No output dependent on input pin "shamt[1]" File: C:/Files/Programming/Verilog and FPGA/Lessons/Week 12/alu.v Line: 5
    Warning (15610): No output dependent on input pin "shamt[2]" File: C:/Files/Programming/Verilog and FPGA/Lessons/Week 12/alu.v Line: 5
    Warning (15610): No output dependent on input pin "shamt[3]" File: C:/Files/Programming/Verilog and FPGA/Lessons/Week 12/alu.v Line: 5
    Warning (15610): No output dependent on input pin "shamt[4]" File: C:/Files/Programming/Verilog and FPGA/Lessons/Week 12/alu.v Line: 5
Info (21057): Implemented 26 device resources after synthesis - the final resource count might be different
    Info (21058): Implemented 26 input pins
    Info (21059): Implemented 0 output pins
Info: Quartus Prime Analysis & Synthesis was successful. 0 errors, 34 warnings
    Info: Peak virtual memory: 4742 megabytes
    Info: Processing ended: Thu Nov 19 15:39:21 2020
    Info: Elapsed time: 00:00:26
    Info: Total CPU time (on all processors): 00:00:49


